  [1m[35m (1697.7ms)[0m  [1m[35mCREATE DATABASE "polls_app_development" ENCODING = 'unicode'[0m
  ↳ /Users/ikeshpack/.rvm/rubies/ruby-2.6.0/lib/ruby/gems/2.6.0/gems/activesupport-5.2.3/lib/active_support/subscriber.rb:101
  [1m[35m (211.9ms)[0m  [1m[35mCREATE DATABASE "polls_app_test" ENCODING = 'unicode'[0m
  ↳ /Users/ikeshpack/.rvm/rubies/ruby-2.6.0/lib/ruby/gems/2.6.0/gems/activesupport-5.2.3/lib/active_support/subscriber.rb:101
  [1m[35m (154.6ms)[0m  [1m[35mCREATE TABLE "schema_migrations" ("version" character varying NOT NULL PRIMARY KEY)[0m
  ↳ /Users/ikeshpack/.rvm/rubies/ruby-2.6.0/lib/ruby/gems/2.6.0/gems/activesupport-5.2.3/lib/active_support/subscriber.rb:101
  [1m[35m (127.7ms)[0m  [1m[35mCREATE TABLE "ar_internal_metadata" ("key" character varying NOT NULL PRIMARY KEY, "value" character varying, "created_at" timestamp NOT NULL, "updated_at" timestamp NOT NULL)[0m
  ↳ /Users/ikeshpack/.rvm/rubies/ruby-2.6.0/lib/ruby/gems/2.6.0/gems/activesupport-5.2.3/lib/active_support/subscriber.rb:101
  [1m[35m (0.3ms)[0m  [1m[34mSELECT pg_try_advisory_lock(4042686100896465855)[0m
  ↳ /Users/ikeshpack/.rvm/rubies/ruby-2.6.0/lib/ruby/gems/2.6.0/gems/activesupport-5.2.3/lib/active_support/subscriber.rb:101
  [1m[35m (0.8ms)[0m  [1m[34mSELECT "schema_migrations"."version" FROM "schema_migrations" ORDER BY "schema_migrations"."version" ASC[0m
  ↳ /Users/ikeshpack/.rvm/rubies/ruby-2.6.0/lib/ruby/gems/2.6.0/gems/activesupport-5.2.3/lib/active_support/subscriber.rb:101
Migrating to CreateUser (20190612222041)
  [1m[35m (0.2ms)[0m  [1m[35mBEGIN[0m
  ↳ /Users/ikeshpack/.rvm/rubies/ruby-2.6.0/lib/ruby/gems/2.6.0/gems/activesupport-5.2.3/lib/active_support/subscriber.rb:101
  [1m[35m (90.7ms)[0m  [1m[35mCREATE TABLE "users" ("id" bigserial primary key, "username" character varying NOT NULL, "created_at" timestamp NOT NULL, "updated_at" timestamp NOT NULL)[0m
  ↳ /Users/ikeshpack/.rvm/rubies/ruby-2.6.0/lib/ruby/gems/2.6.0/gems/activesupport-5.2.3/lib/active_support/subscriber.rb:101
  [1m[36mActiveRecord::SchemaMigration Create (1.1ms)[0m  [1m[32mINSERT INTO "schema_migrations" ("version") VALUES ($1) RETURNING "version"[0m  [["version", "20190612222041"]]
  ↳ /Users/ikeshpack/.rvm/rubies/ruby-2.6.0/lib/ruby/gems/2.6.0/gems/activesupport-5.2.3/lib/active_support/subscriber.rb:101
  [1m[35m (74.1ms)[0m  [1m[35mCOMMIT[0m
  ↳ /Users/ikeshpack/.rvm/rubies/ruby-2.6.0/lib/ruby/gems/2.6.0/gems/activesupport-5.2.3/lib/active_support/subscriber.rb:101
  [1m[36mActiveRecord::InternalMetadata Load (0.4ms)[0m  [1m[34mSELECT  "ar_internal_metadata".* FROM "ar_internal_metadata" WHERE "ar_internal_metadata"."key" = $1 LIMIT $2[0m  [["key", "environment"], ["LIMIT", 1]]
  ↳ /Users/ikeshpack/.rvm/rubies/ruby-2.6.0/lib/ruby/gems/2.6.0/gems/activesupport-5.2.3/lib/active_support/subscriber.rb:101
  [1m[35m (0.1ms)[0m  [1m[35mBEGIN[0m
  ↳ /Users/ikeshpack/.rvm/rubies/ruby-2.6.0/lib/ruby/gems/2.6.0/gems/activesupport-5.2.3/lib/active_support/subscriber.rb:101
  [1m[36mActiveRecord::InternalMetadata Create (0.6ms)[0m  [1m[32mINSERT INTO "ar_internal_metadata" ("key", "value", "created_at", "updated_at") VALUES ($1, $2, $3, $4) RETURNING "key"[0m  [["key", "environment"], ["value", "development"], ["created_at", "2019-06-12 22:22:16.140553"], ["updated_at", "2019-06-12 22:22:16.140553"]]
  ↳ /Users/ikeshpack/.rvm/rubies/ruby-2.6.0/lib/ruby/gems/2.6.0/gems/activesupport-5.2.3/lib/active_support/subscriber.rb:101
  [1m[35m (40.5ms)[0m  [1m[35mCOMMIT[0m
  ↳ /Users/ikeshpack/.rvm/rubies/ruby-2.6.0/lib/ruby/gems/2.6.0/gems/activesupport-5.2.3/lib/active_support/subscriber.rb:101
  [1m[35m (0.4ms)[0m  [1m[34mSELECT pg_advisory_unlock(4042686100896465855)[0m
  ↳ /Users/ikeshpack/.rvm/rubies/ruby-2.6.0/lib/ruby/gems/2.6.0/gems/activesupport-5.2.3/lib/active_support/subscriber.rb:101
  [1m[35m (0.4ms)[0m  [1m[34mSELECT "schema_migrations"."version" FROM "schema_migrations" ORDER BY "schema_migrations"."version" ASC[0m
  ↳ /Users/ikeshpack/.rvm/rubies/ruby-2.6.0/lib/ruby/gems/2.6.0/gems/activesupport-5.2.3/lib/active_support/subscriber.rb:101
  [1m[35m (0.2ms)[0m  [1m[34mSELECT pg_try_advisory_lock(4042686100896465855)[0m
  ↳ /Users/ikeshpack/.rvm/rubies/ruby-2.6.0/lib/ruby/gems/2.6.0/gems/activesupport-5.2.3/lib/active_support/subscriber.rb:101
  [1m[35m (1.1ms)[0m  [1m[34mSELECT "schema_migrations"."version" FROM "schema_migrations" ORDER BY "schema_migrations"."version" ASC[0m
  ↳ /Users/ikeshpack/.rvm/rubies/ruby-2.6.0/lib/ruby/gems/2.6.0/gems/activesupport-5.2.3/lib/active_support/subscriber.rb:101
Migrating to AddIndexToUser (20190612222534)
  [1m[35m (0.2ms)[0m  [1m[35mBEGIN[0m
  ↳ /Users/ikeshpack/.rvm/rubies/ruby-2.6.0/lib/ruby/gems/2.6.0/gems/activesupport-5.2.3/lib/active_support/subscriber.rb:101
  [1m[35m (41.5ms)[0m  [1m[35mCREATE  INDEX  "index_users_on_username" ON "users"  ("username")[0m
  ↳ /Users/ikeshpack/.rvm/rubies/ruby-2.6.0/lib/ruby/gems/2.6.0/gems/activesupport-5.2.3/lib/active_support/subscriber.rb:101
  [1m[36mActiveRecord::SchemaMigration Create (0.6ms)[0m  [1m[32mINSERT INTO "schema_migrations" ("version") VALUES ($1) RETURNING "version"[0m  [["version", "20190612222534"]]
  ↳ /Users/ikeshpack/.rvm/rubies/ruby-2.6.0/lib/ruby/gems/2.6.0/gems/activesupport-5.2.3/lib/active_support/subscriber.rb:101
  [1m[35m (39.7ms)[0m  [1m[35mCOMMIT[0m
  ↳ /Users/ikeshpack/.rvm/rubies/ruby-2.6.0/lib/ruby/gems/2.6.0/gems/activesupport-5.2.3/lib/active_support/subscriber.rb:101
  [1m[36mActiveRecord::InternalMetadata Load (0.5ms)[0m  [1m[34mSELECT  "ar_internal_metadata".* FROM "ar_internal_metadata" WHERE "ar_internal_metadata"."key" = $1 LIMIT $2[0m  [["key", "environment"], ["LIMIT", 1]]
  ↳ /Users/ikeshpack/.rvm/rubies/ruby-2.6.0/lib/ruby/gems/2.6.0/gems/activesupport-5.2.3/lib/active_support/subscriber.rb:101
  [1m[35m (0.2ms)[0m  [1m[35mBEGIN[0m
  ↳ /Users/ikeshpack/.rvm/rubies/ruby-2.6.0/lib/ruby/gems/2.6.0/gems/activesupport-5.2.3/lib/active_support/subscriber.rb:101
  [1m[35m (0.1ms)[0m  [1m[35mCOMMIT[0m
  ↳ /Users/ikeshpack/.rvm/rubies/ruby-2.6.0/lib/ruby/gems/2.6.0/gems/activesupport-5.2.3/lib/active_support/subscriber.rb:101
  [1m[35m (0.3ms)[0m  [1m[34mSELECT pg_advisory_unlock(4042686100896465855)[0m
  ↳ /Users/ikeshpack/.rvm/rubies/ruby-2.6.0/lib/ruby/gems/2.6.0/gems/activesupport-5.2.3/lib/active_support/subscriber.rb:101
  [1m[35m (0.4ms)[0m  [1m[34mSELECT "schema_migrations"."version" FROM "schema_migrations" ORDER BY "schema_migrations"."version" ASC[0m
  ↳ /Users/ikeshpack/.rvm/rubies/ruby-2.6.0/lib/ruby/gems/2.6.0/gems/activesupport-5.2.3/lib/active_support/subscriber.rb:101
  [1m[35m (0.2ms)[0m  [1m[34mSELECT pg_try_advisory_lock(4042686100896465855)[0m
  ↳ /Users/ikeshpack/.rvm/rubies/ruby-2.6.0/lib/ruby/gems/2.6.0/gems/activesupport-5.2.3/lib/active_support/subscriber.rb:101
  [1m[35m (1.1ms)[0m  [1m[34mSELECT "schema_migrations"."version" FROM "schema_migrations" ORDER BY "schema_migrations"."version" ASC[0m
  ↳ /Users/ikeshpack/.rvm/rubies/ruby-2.6.0/lib/ruby/gems/2.6.0/gems/activesupport-5.2.3/lib/active_support/subscriber.rb:101
Migrating to CreatePollTable (20190612223300)
  [1m[35m (0.2ms)[0m  [1m[34mSELECT pg_advisory_unlock(4042686100896465855)[0m
  ↳ /Users/ikeshpack/.rvm/rubies/ruby-2.6.0/lib/ruby/gems/2.6.0/gems/activesupport-5.2.3/lib/active_support/subscriber.rb:101
  [1m[35m (0.2ms)[0m  [1m[34mSELECT pg_try_advisory_lock(4042686100896465855)[0m
  ↳ /Users/ikeshpack/.rvm/rubies/ruby-2.6.0/lib/ruby/gems/2.6.0/gems/activesupport-5.2.3/lib/active_support/subscriber.rb:101
  [1m[35m (1.3ms)[0m  [1m[34mSELECT "schema_migrations"."version" FROM "schema_migrations" ORDER BY "schema_migrations"."version" ASC[0m
  ↳ /Users/ikeshpack/.rvm/rubies/ruby-2.6.0/lib/ruby/gems/2.6.0/gems/activesupport-5.2.3/lib/active_support/subscriber.rb:101
Migrating to CreatePollTable (20190612223300)
  [1m[35m (0.2ms)[0m  [1m[35mBEGIN[0m
  ↳ /Users/ikeshpack/.rvm/rubies/ruby-2.6.0/lib/ruby/gems/2.6.0/gems/activesupport-5.2.3/lib/active_support/subscriber.rb:101
  [1m[35m (46.3ms)[0m  [1m[35mCREATE TABLE "polls" ("id" bigserial primary key, "title" character varying NOT NULL, "created_at" timestamp NOT NULL, "updated_at" timestamp NOT NULL)[0m
  ↳ /Users/ikeshpack/.rvm/rubies/ruby-2.6.0/lib/ruby/gems/2.6.0/gems/activesupport-5.2.3/lib/active_support/subscriber.rb:101
  [1m[35m (42.2ms)[0m  [1m[35mCREATE  INDEX  "index_polls_on_index" ON "polls"  ("index")[0m
  ↳ /Users/ikeshpack/.rvm/rubies/ruby-2.6.0/lib/ruby/gems/2.6.0/gems/activesupport-5.2.3/lib/active_support/subscriber.rb:101
  [1m[35m (0.2ms)[0m  [1m[31mROLLBACK[0m
  ↳ /Users/ikeshpack/.rvm/rubies/ruby-2.6.0/lib/ruby/gems/2.6.0/gems/activesupport-5.2.3/lib/active_support/subscriber.rb:101
  [1m[35m (0.3ms)[0m  [1m[34mSELECT pg_advisory_unlock(4042686100896465855)[0m
  ↳ /Users/ikeshpack/.rvm/rubies/ruby-2.6.0/lib/ruby/gems/2.6.0/gems/activesupport-5.2.3/lib/active_support/subscriber.rb:101
  [1m[35m (0.2ms)[0m  [1m[34mSELECT pg_try_advisory_lock(4042686100896465855)[0m
  ↳ /Users/ikeshpack/.rvm/rubies/ruby-2.6.0/lib/ruby/gems/2.6.0/gems/activesupport-5.2.3/lib/active_support/subscriber.rb:101
  [1m[35m (1.8ms)[0m  [1m[34mSELECT "schema_migrations"."version" FROM "schema_migrations" ORDER BY "schema_migrations"."version" ASC[0m
  ↳ /Users/ikeshpack/.rvm/rubies/ruby-2.6.0/lib/ruby/gems/2.6.0/gems/activesupport-5.2.3/lib/active_support/subscriber.rb:101
Migrating to CreatePollTable (20190612223300)
  [1m[35m (0.2ms)[0m  [1m[35mBEGIN[0m
  ↳ /Users/ikeshpack/.rvm/rubies/ruby-2.6.0/lib/ruby/gems/2.6.0/gems/activesupport-5.2.3/lib/active_support/subscriber.rb:101
  [1m[35m (44.5ms)[0m  [1m[35mCREATE TABLE "polls" ("id" bigserial primary key, "title" character varying NOT NULL, "created_at" timestamp NOT NULL, "updated_at" timestamp NOT NULL)[0m
  ↳ /Users/ikeshpack/.rvm/rubies/ruby-2.6.0/lib/ruby/gems/2.6.0/gems/activesupport-5.2.3/lib/active_support/subscriber.rb:101
  [1m[35m (41.5ms)[0m  [1m[35mCREATE  INDEX  "index_polls_on_title" ON "polls"  ("title")[0m
  ↳ /Users/ikeshpack/.rvm/rubies/ruby-2.6.0/lib/ruby/gems/2.6.0/gems/activesupport-5.2.3/lib/active_support/subscriber.rb:101
  [1m[36mActiveRecord::SchemaMigration Create (0.5ms)[0m  [1m[32mINSERT INTO "schema_migrations" ("version") VALUES ($1) RETURNING "version"[0m  [["version", "20190612223300"]]
  ↳ /Users/ikeshpack/.rvm/rubies/ruby-2.6.0/lib/ruby/gems/2.6.0/gems/activesupport-5.2.3/lib/active_support/subscriber.rb:101
  [1m[35m (40.9ms)[0m  [1m[35mCOMMIT[0m
  ↳ /Users/ikeshpack/.rvm/rubies/ruby-2.6.0/lib/ruby/gems/2.6.0/gems/activesupport-5.2.3/lib/active_support/subscriber.rb:101
  [1m[36mActiveRecord::InternalMetadata Load (0.5ms)[0m  [1m[34mSELECT  "ar_internal_metadata".* FROM "ar_internal_metadata" WHERE "ar_internal_metadata"."key" = $1 LIMIT $2[0m  [["key", "environment"], ["LIMIT", 1]]
  ↳ /Users/ikeshpack/.rvm/rubies/ruby-2.6.0/lib/ruby/gems/2.6.0/gems/activesupport-5.2.3/lib/active_support/subscriber.rb:101
  [1m[35m (0.2ms)[0m  [1m[35mBEGIN[0m
  ↳ /Users/ikeshpack/.rvm/rubies/ruby-2.6.0/lib/ruby/gems/2.6.0/gems/activesupport-5.2.3/lib/active_support/subscriber.rb:101
  [1m[35m (0.1ms)[0m  [1m[35mCOMMIT[0m
  ↳ /Users/ikeshpack/.rvm/rubies/ruby-2.6.0/lib/ruby/gems/2.6.0/gems/activesupport-5.2.3/lib/active_support/subscriber.rb:101
  [1m[35m (0.3ms)[0m  [1m[34mSELECT pg_advisory_unlock(4042686100896465855)[0m
  ↳ /Users/ikeshpack/.rvm/rubies/ruby-2.6.0/lib/ruby/gems/2.6.0/gems/activesupport-5.2.3/lib/active_support/subscriber.rb:101
  [1m[35m (0.3ms)[0m  [1m[34mSELECT "schema_migrations"."version" FROM "schema_migrations" ORDER BY "schema_migrations"."version" ASC[0m
  ↳ /Users/ikeshpack/.rvm/rubies/ruby-2.6.0/lib/ruby/gems/2.6.0/gems/activesupport-5.2.3/lib/active_support/subscriber.rb:101
  [1m[35m (0.2ms)[0m  [1m[34mSELECT pg_try_advisory_lock(4042686100896465855)[0m
  ↳ /Users/ikeshpack/.rvm/rubies/ruby-2.6.0/lib/ruby/gems/2.6.0/gems/activesupport-5.2.3/lib/active_support/subscriber.rb:101
  [1m[35m (1.1ms)[0m  [1m[34mSELECT "schema_migrations"."version" FROM "schema_migrations" ORDER BY "schema_migrations"."version" ASC[0m
  ↳ /Users/ikeshpack/.rvm/rubies/ruby-2.6.0/lib/ruby/gems/2.6.0/gems/activesupport-5.2.3/lib/active_support/subscriber.rb:101
Migrating to AddAuthorIdColumnPolls (20190612223938)
  [1m[35m (0.3ms)[0m  [1m[34mSELECT pg_advisory_unlock(4042686100896465855)[0m
  ↳ /Users/ikeshpack/.rvm/rubies/ruby-2.6.0/lib/ruby/gems/2.6.0/gems/activesupport-5.2.3/lib/active_support/subscriber.rb:101
  [1m[35m (0.3ms)[0m  [1m[34mSELECT pg_try_advisory_lock(4042686100896465855)[0m
  ↳ /Users/ikeshpack/.rvm/rubies/ruby-2.6.0/lib/ruby/gems/2.6.0/gems/activesupport-5.2.3/lib/active_support/subscriber.rb:101
  [1m[35m (1.3ms)[0m  [1m[34mSELECT "schema_migrations"."version" FROM "schema_migrations" ORDER BY "schema_migrations"."version" ASC[0m
  ↳ /Users/ikeshpack/.rvm/rubies/ruby-2.6.0/lib/ruby/gems/2.6.0/gems/activesupport-5.2.3/lib/active_support/subscriber.rb:101
Migrating to AddAuthorIdColumnPolls (20190612223938)
  [1m[35m (0.4ms)[0m  [1m[34mSELECT pg_advisory_unlock(4042686100896465855)[0m
  ↳ /Users/ikeshpack/.rvm/rubies/ruby-2.6.0/lib/ruby/gems/2.6.0/gems/activesupport-5.2.3/lib/active_support/subscriber.rb:101
  [1m[35m (0.2ms)[0m  [1m[34mSELECT pg_try_advisory_lock(4042686100896465855)[0m
  ↳ /Users/ikeshpack/.rvm/rubies/ruby-2.6.0/lib/ruby/gems/2.6.0/gems/activesupport-5.2.3/lib/active_support/subscriber.rb:101
  [1m[35m (1.0ms)[0m  [1m[34mSELECT "schema_migrations"."version" FROM "schema_migrations" ORDER BY "schema_migrations"."version" ASC[0m
  ↳ /Users/ikeshpack/.rvm/rubies/ruby-2.6.0/lib/ruby/gems/2.6.0/gems/activesupport-5.2.3/lib/active_support/subscriber.rb:101
Migrating to AddAuthorIdColumnPolls (20190612223938)
  [1m[35m (0.2ms)[0m  [1m[35mBEGIN[0m
  ↳ /Users/ikeshpack/.rvm/rubies/ruby-2.6.0/lib/ruby/gems/2.6.0/gems/activesupport-5.2.3/lib/active_support/subscriber.rb:101
  [1m[35m (2.0ms)[0m  [1m[35mALTER TABLE "polls" ADD "author_id" integer NOT NULL[0m
  ↳ /Users/ikeshpack/.rvm/rubies/ruby-2.6.0/lib/ruby/gems/2.6.0/gems/activesupport-5.2.3/lib/active_support/subscriber.rb:101
  [1m[36mActiveRecord::SchemaMigration Create (0.5ms)[0m  [1m[32mINSERT INTO "schema_migrations" ("version") VALUES ($1) RETURNING "version"[0m  [["version", "20190612223938"]]
  ↳ /Users/ikeshpack/.rvm/rubies/ruby-2.6.0/lib/ruby/gems/2.6.0/gems/activesupport-5.2.3/lib/active_support/subscriber.rb:101
  [1m[35m (40.8ms)[0m  [1m[35mCOMMIT[0m
  ↳ /Users/ikeshpack/.rvm/rubies/ruby-2.6.0/lib/ruby/gems/2.6.0/gems/activesupport-5.2.3/lib/active_support/subscriber.rb:101
  [1m[36mActiveRecord::InternalMetadata Load (0.5ms)[0m  [1m[34mSELECT  "ar_internal_metadata".* FROM "ar_internal_metadata" WHERE "ar_internal_metadata"."key" = $1 LIMIT $2[0m  [["key", "environment"], ["LIMIT", 1]]
  ↳ /Users/ikeshpack/.rvm/rubies/ruby-2.6.0/lib/ruby/gems/2.6.0/gems/activesupport-5.2.3/lib/active_support/subscriber.rb:101
  [1m[35m (0.1ms)[0m  [1m[35mBEGIN[0m
  ↳ /Users/ikeshpack/.rvm/rubies/ruby-2.6.0/lib/ruby/gems/2.6.0/gems/activesupport-5.2.3/lib/active_support/subscriber.rb:101
  [1m[35m (0.1ms)[0m  [1m[35mCOMMIT[0m
  ↳ /Users/ikeshpack/.rvm/rubies/ruby-2.6.0/lib/ruby/gems/2.6.0/gems/activesupport-5.2.3/lib/active_support/subscriber.rb:101
  [1m[35m (0.2ms)[0m  [1m[34mSELECT pg_advisory_unlock(4042686100896465855)[0m
  ↳ /Users/ikeshpack/.rvm/rubies/ruby-2.6.0/lib/ruby/gems/2.6.0/gems/activesupport-5.2.3/lib/active_support/subscriber.rb:101
  [1m[35m (0.4ms)[0m  [1m[34mSELECT "schema_migrations"."version" FROM "schema_migrations" ORDER BY "schema_migrations"."version" ASC[0m
  ↳ /Users/ikeshpack/.rvm/rubies/ruby-2.6.0/lib/ruby/gems/2.6.0/gems/activesupport-5.2.3/lib/active_support/subscriber.rb:101
  [1m[35m (1.7ms)[0m  [1m[34mSELECT "schema_migrations"."version" FROM "schema_migrations" ORDER BY "schema_migrations"."version" ASC[0m
  ↳ /Users/ikeshpack/.rvm/rubies/ruby-2.6.0/lib/ruby/gems/2.6.0/gems/activesupport-5.2.3/lib/active_support/subscriber.rb:101
  [1m[35m (1.4ms)[0m  [1m[34mSELECT "schema_migrations"."version" FROM "schema_migrations" ORDER BY "schema_migrations"."version" ASC[0m
  ↳ /Users/ikeshpack/.rvm/rubies/ruby-2.6.0/lib/ruby/gems/2.6.0/gems/activesupport-5.2.3/lib/active_support/subscriber.rb:101
  [1m[35m (0.2ms)[0m  [1m[34mSELECT pg_try_advisory_lock(4042686100896465855)[0m
  ↳ /Users/ikeshpack/.rvm/rubies/ruby-2.6.0/lib/ruby/gems/2.6.0/gems/activesupport-5.2.3/lib/active_support/subscriber.rb:101
  [1m[35m (1.0ms)[0m  [1m[34mSELECT "schema_migrations"."version" FROM "schema_migrations" ORDER BY "schema_migrations"."version" ASC[0m
  ↳ /Users/ikeshpack/.rvm/rubies/ruby-2.6.0/lib/ruby/gems/2.6.0/gems/activesupport-5.2.3/lib/active_support/subscriber.rb:101
Migrating to CreateQuestion (20190612224534)
  [1m[35m (0.4ms)[0m  [1m[34mSELECT pg_advisory_unlock(4042686100896465855)[0m
  ↳ /Users/ikeshpack/.rvm/rubies/ruby-2.6.0/lib/ruby/gems/2.6.0/gems/activesupport-5.2.3/lib/active_support/subscriber.rb:101
  [1m[35m (0.3ms)[0m  [1m[34mSELECT pg_try_advisory_lock(4042686100896465855)[0m
  ↳ /Users/ikeshpack/.rvm/rubies/ruby-2.6.0/lib/ruby/gems/2.6.0/gems/activesupport-5.2.3/lib/active_support/subscriber.rb:101
  [1m[35m (1.1ms)[0m  [1m[34mSELECT "schema_migrations"."version" FROM "schema_migrations" ORDER BY "schema_migrations"."version" ASC[0m
  ↳ /Users/ikeshpack/.rvm/rubies/ruby-2.6.0/lib/ruby/gems/2.6.0/gems/activesupport-5.2.3/lib/active_support/subscriber.rb:101
Migrating to CreateQuestion (20190612224534)
  [1m[35m (0.2ms)[0m  [1m[35mBEGIN[0m
  ↳ /Users/ikeshpack/.rvm/rubies/ruby-2.6.0/lib/ruby/gems/2.6.0/gems/activesupport-5.2.3/lib/active_support/subscriber.rb:101
  [1m[35m (45.4ms)[0m  [1m[35mCREATE TABLE "questions" ("id" bigserial primary key, "body" text NOT NULL, "created_at" timestamp NOT NULL, "updated_at" timestamp NOT NULL)[0m
  ↳ /Users/ikeshpack/.rvm/rubies/ruby-2.6.0/lib/ruby/gems/2.6.0/gems/activesupport-5.2.3/lib/active_support/subscriber.rb:101
  [1m[36mActiveRecord::SchemaMigration Create (0.5ms)[0m  [1m[32mINSERT INTO "schema_migrations" ("version") VALUES ($1) RETURNING "version"[0m  [["version", "20190612224534"]]
  ↳ /Users/ikeshpack/.rvm/rubies/ruby-2.6.0/lib/ruby/gems/2.6.0/gems/activesupport-5.2.3/lib/active_support/subscriber.rb:101
  [1m[35m (40.9ms)[0m  [1m[35mCOMMIT[0m
  ↳ /Users/ikeshpack/.rvm/rubies/ruby-2.6.0/lib/ruby/gems/2.6.0/gems/activesupport-5.2.3/lib/active_support/subscriber.rb:101
  [1m[36mActiveRecord::InternalMetadata Load (0.5ms)[0m  [1m[34mSELECT  "ar_internal_metadata".* FROM "ar_internal_metadata" WHERE "ar_internal_metadata"."key" = $1 LIMIT $2[0m  [["key", "environment"], ["LIMIT", 1]]
  ↳ /Users/ikeshpack/.rvm/rubies/ruby-2.6.0/lib/ruby/gems/2.6.0/gems/activesupport-5.2.3/lib/active_support/subscriber.rb:101
  [1m[35m (0.1ms)[0m  [1m[35mBEGIN[0m
  ↳ /Users/ikeshpack/.rvm/rubies/ruby-2.6.0/lib/ruby/gems/2.6.0/gems/activesupport-5.2.3/lib/active_support/subscriber.rb:101
  [1m[35m (0.1ms)[0m  [1m[35mCOMMIT[0m
  ↳ /Users/ikeshpack/.rvm/rubies/ruby-2.6.0/lib/ruby/gems/2.6.0/gems/activesupport-5.2.3/lib/active_support/subscriber.rb:101
  [1m[35m (0.2ms)[0m  [1m[34mSELECT pg_advisory_unlock(4042686100896465855)[0m
  ↳ /Users/ikeshpack/.rvm/rubies/ruby-2.6.0/lib/ruby/gems/2.6.0/gems/activesupport-5.2.3/lib/active_support/subscriber.rb:101
  [1m[35m (0.2ms)[0m  [1m[34mSELECT "schema_migrations"."version" FROM "schema_migrations" ORDER BY "schema_migrations"."version" ASC[0m
  ↳ /Users/ikeshpack/.rvm/rubies/ruby-2.6.0/lib/ruby/gems/2.6.0/gems/activesupport-5.2.3/lib/active_support/subscriber.rb:101
  [1m[35m (0.2ms)[0m  [1m[34mSELECT pg_try_advisory_lock(4042686100896465855)[0m
  ↳ /Users/ikeshpack/.rvm/rubies/ruby-2.6.0/lib/ruby/gems/2.6.0/gems/activesupport-5.2.3/lib/active_support/subscriber.rb:101
  [1m[35m (1.1ms)[0m  [1m[34mSELECT "schema_migrations"."version" FROM "schema_migrations" ORDER BY "schema_migrations"."version" ASC[0m
  ↳ /Users/ikeshpack/.rvm/rubies/ruby-2.6.0/lib/ruby/gems/2.6.0/gems/activesupport-5.2.3/lib/active_support/subscriber.rb:101
Migrating to CreateAnswerChoice (20190612224903)
  [1m[35m (0.1ms)[0m  [1m[35mBEGIN[0m
  ↳ /Users/ikeshpack/.rvm/rubies/ruby-2.6.0/lib/ruby/gems/2.6.0/gems/activesupport-5.2.3/lib/active_support/subscriber.rb:101
  [1m[35m (41.9ms)[0m  [1m[35mCREATE TABLE "answer_choices" ("id" bigserial primary key, "question_id" integer NOT NULL, "title" character varying, "created_at" timestamp NOT NULL, "updated_at" timestamp NOT NULL)[0m
  ↳ /Users/ikeshpack/.rvm/rubies/ruby-2.6.0/lib/ruby/gems/2.6.0/gems/activesupport-5.2.3/lib/active_support/subscriber.rb:101
  [1m[36mActiveRecord::SchemaMigration Create (0.5ms)[0m  [1m[32mINSERT INTO "schema_migrations" ("version") VALUES ($1) RETURNING "version"[0m  [["version", "20190612224903"]]
  ↳ /Users/ikeshpack/.rvm/rubies/ruby-2.6.0/lib/ruby/gems/2.6.0/gems/activesupport-5.2.3/lib/active_support/subscriber.rb:101
  [1m[35m (40.2ms)[0m  [1m[35mCOMMIT[0m
  ↳ /Users/ikeshpack/.rvm/rubies/ruby-2.6.0/lib/ruby/gems/2.6.0/gems/activesupport-5.2.3/lib/active_support/subscriber.rb:101
  [1m[36mActiveRecord::InternalMetadata Load (0.5ms)[0m  [1m[34mSELECT  "ar_internal_metadata".* FROM "ar_internal_metadata" WHERE "ar_internal_metadata"."key" = $1 LIMIT $2[0m  [["key", "environment"], ["LIMIT", 1]]
  ↳ /Users/ikeshpack/.rvm/rubies/ruby-2.6.0/lib/ruby/gems/2.6.0/gems/activesupport-5.2.3/lib/active_support/subscriber.rb:101
  [1m[35m (0.2ms)[0m  [1m[35mBEGIN[0m
  ↳ /Users/ikeshpack/.rvm/rubies/ruby-2.6.0/lib/ruby/gems/2.6.0/gems/activesupport-5.2.3/lib/active_support/subscriber.rb:101
  [1m[35m (0.1ms)[0m  [1m[35mCOMMIT[0m
  ↳ /Users/ikeshpack/.rvm/rubies/ruby-2.6.0/lib/ruby/gems/2.6.0/gems/activesupport-5.2.3/lib/active_support/subscriber.rb:101
  [1m[35m (0.3ms)[0m  [1m[34mSELECT pg_advisory_unlock(4042686100896465855)[0m
  ↳ /Users/ikeshpack/.rvm/rubies/ruby-2.6.0/lib/ruby/gems/2.6.0/gems/activesupport-5.2.3/lib/active_support/subscriber.rb:101
  [1m[35m (0.3ms)[0m  [1m[34mSELECT "schema_migrations"."version" FROM "schema_migrations" ORDER BY "schema_migrations"."version" ASC[0m
  ↳ /Users/ikeshpack/.rvm/rubies/ruby-2.6.0/lib/ruby/gems/2.6.0/gems/activesupport-5.2.3/lib/active_support/subscriber.rb:101
  [1m[35m (1.6ms)[0m  [1m[34mSELECT "schema_migrations"."version" FROM "schema_migrations" ORDER BY "schema_migrations"."version" ASC[0m
  ↳ /Users/ikeshpack/.rvm/rubies/ruby-2.6.0/lib/ruby/gems/2.6.0/gems/activesupport-5.2.3/lib/active_support/subscriber.rb:101
  [1m[35m (0.2ms)[0m  [1m[34mSELECT pg_try_advisory_lock(4042686100896465855)[0m
  ↳ /Users/ikeshpack/.rvm/rubies/ruby-2.6.0/lib/ruby/gems/2.6.0/gems/activesupport-5.2.3/lib/active_support/subscriber.rb:101
  [1m[35m (1.1ms)[0m  [1m[34mSELECT "schema_migrations"."version" FROM "schema_migrations" ORDER BY "schema_migrations"."version" ASC[0m
  ↳ /Users/ikeshpack/.rvm/rubies/ruby-2.6.0/lib/ruby/gems/2.6.0/gems/activesupport-5.2.3/lib/active_support/subscriber.rb:101
Migrating to CreateResponse (20190612225501)
  [1m[35m (0.1ms)[0m  [1m[35mBEGIN[0m
  ↳ /Users/ikeshpack/.rvm/rubies/ruby-2.6.0/lib/ruby/gems/2.6.0/gems/activesupport-5.2.3/lib/active_support/subscriber.rb:101
  [1m[35m (43.1ms)[0m  [1m[35mCREATE TABLE "responses" ("id" bigserial primary key, "user_id" integer NOT NULL, "answer_id" integer NOT NULL, "created_at" timestamp NOT NULL, "updated_at" timestamp NOT NULL)[0m
  ↳ /Users/ikeshpack/.rvm/rubies/ruby-2.6.0/lib/ruby/gems/2.6.0/gems/activesupport-5.2.3/lib/active_support/subscriber.rb:101
  [1m[35m (1.9ms)[0m  [1m[31mROLLBACK[0m
  ↳ /Users/ikeshpack/.rvm/rubies/ruby-2.6.0/lib/ruby/gems/2.6.0/gems/activesupport-5.2.3/lib/active_support/subscriber.rb:101
  [1m[35m (0.3ms)[0m  [1m[34mSELECT pg_advisory_unlock(4042686100896465855)[0m
  ↳ /Users/ikeshpack/.rvm/rubies/ruby-2.6.0/lib/ruby/gems/2.6.0/gems/activesupport-5.2.3/lib/active_support/subscriber.rb:101
  [1m[35m (0.3ms)[0m  [1m[34mSELECT pg_try_advisory_lock(4042686100896465855)[0m
  ↳ /Users/ikeshpack/.rvm/rubies/ruby-2.6.0/lib/ruby/gems/2.6.0/gems/activesupport-5.2.3/lib/active_support/subscriber.rb:101
  [1m[35m (1.2ms)[0m  [1m[34mSELECT "schema_migrations"."version" FROM "schema_migrations" ORDER BY "schema_migrations"."version" ASC[0m
  ↳ /Users/ikeshpack/.rvm/rubies/ruby-2.6.0/lib/ruby/gems/2.6.0/gems/activesupport-5.2.3/lib/active_support/subscriber.rb:101
Migrating to CreateResponse (20190612225501)
  [1m[35m (0.2ms)[0m  [1m[35mBEGIN[0m
  ↳ /Users/ikeshpack/.rvm/rubies/ruby-2.6.0/lib/ruby/gems/2.6.0/gems/activesupport-5.2.3/lib/active_support/subscriber.rb:101
  [1m[35m (45.3ms)[0m  [1m[35mCREATE TABLE "responses" ("id" bigserial primary key, "user_id" integer NOT NULL, "answer_id" integer NOT NULL, "created_at" timestamp NOT NULL, "updated_at" timestamp NOT NULL)[0m
  ↳ /Users/ikeshpack/.rvm/rubies/ruby-2.6.0/lib/ruby/gems/2.6.0/gems/activesupport-5.2.3/lib/active_support/subscriber.rb:101
  [1m[35m (40.9ms)[0m  [1m[35mCREATE  INDEX  "index_responses_on_user_id" ON "responses"  ("user_id")[0m
  ↳ /Users/ikeshpack/.rvm/rubies/ruby-2.6.0/lib/ruby/gems/2.6.0/gems/activesupport-5.2.3/lib/active_support/subscriber.rb:101
  [1m[35m (41.8ms)[0m  [1m[35mCREATE  INDEX  "index_responses_on_answer_id" ON "responses"  ("answer_id")[0m
  ↳ /Users/ikeshpack/.rvm/rubies/ruby-2.6.0/lib/ruby/gems/2.6.0/gems/activesupport-5.2.3/lib/active_support/subscriber.rb:101
  [1m[35m (41.6ms)[0m  [1m[31mROLLBACK[0m
  ↳ /Users/ikeshpack/.rvm/rubies/ruby-2.6.0/lib/ruby/gems/2.6.0/gems/activesupport-5.2.3/lib/active_support/subscriber.rb:101
  [1m[35m (0.3ms)[0m  [1m[34mSELECT pg_advisory_unlock(4042686100896465855)[0m
  ↳ /Users/ikeshpack/.rvm/rubies/ruby-2.6.0/lib/ruby/gems/2.6.0/gems/activesupport-5.2.3/lib/active_support/subscriber.rb:101
  [1m[35m (0.3ms)[0m  [1m[34mSELECT pg_try_advisory_lock(4042686100896465855)[0m
  ↳ /Users/ikeshpack/.rvm/rubies/ruby-2.6.0/lib/ruby/gems/2.6.0/gems/activesupport-5.2.3/lib/active_support/subscriber.rb:101
  [1m[35m (1.5ms)[0m  [1m[34mSELECT "schema_migrations"."version" FROM "schema_migrations" ORDER BY "schema_migrations"."version" ASC[0m
  ↳ /Users/ikeshpack/.rvm/rubies/ruby-2.6.0/lib/ruby/gems/2.6.0/gems/activesupport-5.2.3/lib/active_support/subscriber.rb:101
Migrating to CreateResponse (20190612225501)
  [1m[35m (0.2ms)[0m  [1m[35mBEGIN[0m
  ↳ /Users/ikeshpack/.rvm/rubies/ruby-2.6.0/lib/ruby/gems/2.6.0/gems/activesupport-5.2.3/lib/active_support/subscriber.rb:101
  [1m[35m (46.5ms)[0m  [1m[35mCREATE TABLE "responses" ("id" bigserial primary key, "user_id" integer NOT NULL, "answer_id" integer NOT NULL, "created_at" timestamp NOT NULL, "updated_at" timestamp NOT NULL)[0m
  ↳ /Users/ikeshpack/.rvm/rubies/ruby-2.6.0/lib/ruby/gems/2.6.0/gems/activesupport-5.2.3/lib/active_support/subscriber.rb:101
  [1m[35m (40.9ms)[0m  [1m[35mCREATE  INDEX  "index_responses_on_user_id" ON "responses"  ("user_id")[0m
  ↳ /Users/ikeshpack/.rvm/rubies/ruby-2.6.0/lib/ruby/gems/2.6.0/gems/activesupport-5.2.3/lib/active_support/subscriber.rb:101
  [1m[35m (41.7ms)[0m  [1m[35mCREATE  INDEX  "index_responses_on_answer_id" ON "responses"  ("answer_id")[0m
  ↳ /Users/ikeshpack/.rvm/rubies/ruby-2.6.0/lib/ruby/gems/2.6.0/gems/activesupport-5.2.3/lib/active_support/subscriber.rb:101
  [1m[35m (0.7ms)[0m  [1m[35mALTER TABLE "questions" ADD "poll_id" integer NOT NULL[0m
  ↳ /Users/ikeshpack/.rvm/rubies/ruby-2.6.0/lib/ruby/gems/2.6.0/gems/activesupport-5.2.3/lib/active_support/subscriber.rb:101
  [1m[36mActiveRecord::SchemaMigration Create (0.5ms)[0m  [1m[32mINSERT INTO "schema_migrations" ("version") VALUES ($1) RETURNING "version"[0m  [["version", "20190612225501"]]
  ↳ /Users/ikeshpack/.rvm/rubies/ruby-2.6.0/lib/ruby/gems/2.6.0/gems/activesupport-5.2.3/lib/active_support/subscriber.rb:101
  [1m[35m (40.1ms)[0m  [1m[35mCOMMIT[0m
  ↳ /Users/ikeshpack/.rvm/rubies/ruby-2.6.0/lib/ruby/gems/2.6.0/gems/activesupport-5.2.3/lib/active_support/subscriber.rb:101
  [1m[36mActiveRecord::InternalMetadata Load (0.6ms)[0m  [1m[34mSELECT  "ar_internal_metadata".* FROM "ar_internal_metadata" WHERE "ar_internal_metadata"."key" = $1 LIMIT $2[0m  [["key", "environment"], ["LIMIT", 1]]
  ↳ /Users/ikeshpack/.rvm/rubies/ruby-2.6.0/lib/ruby/gems/2.6.0/gems/activesupport-5.2.3/lib/active_support/subscriber.rb:101
  [1m[35m (0.2ms)[0m  [1m[35mBEGIN[0m
  ↳ /Users/ikeshpack/.rvm/rubies/ruby-2.6.0/lib/ruby/gems/2.6.0/gems/activesupport-5.2.3/lib/active_support/subscriber.rb:101
  [1m[35m (0.1ms)[0m  [1m[35mCOMMIT[0m
  ↳ /Users/ikeshpack/.rvm/rubies/ruby-2.6.0/lib/ruby/gems/2.6.0/gems/activesupport-5.2.3/lib/active_support/subscriber.rb:101
  [1m[35m (0.3ms)[0m  [1m[34mSELECT pg_advisory_unlock(4042686100896465855)[0m
  ↳ /Users/ikeshpack/.rvm/rubies/ruby-2.6.0/lib/ruby/gems/2.6.0/gems/activesupport-5.2.3/lib/active_support/subscriber.rb:101
  [1m[35m (0.3ms)[0m  [1m[34mSELECT "schema_migrations"."version" FROM "schema_migrations" ORDER BY "schema_migrations"."version" ASC[0m
  ↳ /Users/ikeshpack/.rvm/rubies/ruby-2.6.0/lib/ruby/gems/2.6.0/gems/activesupport-5.2.3/lib/active_support/subscriber.rb:101
  [1m[35m (1.3ms)[0m  [1m[34mSELECT "schema_migrations"."version" FROM "schema_migrations" ORDER BY "schema_migrations"."version" ASC[0m
  ↳ /Users/ikeshpack/.rvm/rubies/ruby-2.6.0/lib/ruby/gems/2.6.0/gems/activesupport-5.2.3/lib/active_support/subscriber.rb:101
  [1m[35m (1.1ms)[0m  [1m[34mSELECT "schema_migrations"."version" FROM "schema_migrations" ORDER BY "schema_migrations"."version" ASC[0m
  ↳ /Users/ikeshpack/.rvm/rubies/ruby-2.6.0/lib/ruby/gems/2.6.0/gems/activesupport-5.2.3/lib/active_support/subscriber.rb:101
  [1m[35m (0.2ms)[0m  [1m[35mBEGIN[0m
  [1m[36mUser Exists (1.9ms)[0m  [1m[34mSELECT  1 AS one FROM "users" WHERE "users"."username" = $1 LIMIT $2[0m  [["username", "mclovin"], ["LIMIT", 1]]
  [1m[36mUser Create (1.5ms)[0m  [1m[32mINSERT INTO "users" ("username", "created_at", "updated_at") VALUES ($1, $2, $3) RETURNING "id"[0m  [["username", "mclovin"], ["created_at", "2019-06-12 23:13:29.310189"], ["updated_at", "2019-06-12 23:13:29.310189"]]
  [1m[35m (40.0ms)[0m  [1m[35mCOMMIT[0m
  [1m[36mUser Load (0.4ms)[0m  [1m[34mSELECT "users".* FROM "users"[0m
